File: rank6/E6.g
The braiding is:
[ [     E(37),  E(37)^36,         1,         1,         1,         1 ],
  [         1,     E(37),  E(37)^36,         1,         1,         1 ],
  [         1,         1,     E(37),  E(37)^36,         1,  E(37)^36 ],
  [         1,         1,         1,     E(37),  E(37)^36,         1 ],
  [         1,         1,         1,         1,     E(37),         1 ],
  [         1,         1,         1,         1,         1,     E(37) ] ]
Longest word:
[ 1, 2, 1, 3, 2, 1, 4, 3, 2, 1, 5, 4, 3, 2, 1, 6, 3, 2, 1, 4, 3, 2, 5, 4, 3, 6, 3, 2, 1, 4, 3, 2, 5, 4, 
  3, 6 ]
Positive roots (36):
[ [ 1, 0, 0, 0, 0, 0 ], [ 1, 1, 0, 0, 0, 0 ], [ 0, 1, 0, 0, 0, 0 ], [ 1, 1, 1, 0, 0, 0 ], 
  [ 0, 1, 1, 0, 0, 0 ], [ 0, 0, 1, 0, 0, 0 ], [ 1, 1, 1, 1, 0, 0 ], [ 0, 1, 1, 1, 0, 0 ], 
  [ 0, 0, 1, 1, 0, 0 ], [ 0, 0, 0, 1, 0, 0 ], [ 1, 1, 1, 1, 1, 0 ], [ 0, 1, 1, 1, 1, 0 ], 
  [ 0, 0, 1, 1, 1, 0 ], [ 0, 0, 0, 1, 1, 0 ], [ 0, 0, 0, 0, 1, 0 ], [ 1, 2, 3, 2, 1, 1 ], 
  [ 1, 2, 2, 2, 1, 1 ], [ 1, 2, 2, 1, 1, 1 ], [ 1, 2, 2, 1, 0, 1 ], [ 1, 1, 2, 2, 1, 1 ], 
  [ 1, 1, 2, 1, 1, 1 ], [ 1, 1, 2, 1, 0, 1 ], [ 0, 1, 2, 2, 1, 1 ], [ 0, 1, 2, 1, 1, 1 ], 
  [ 0, 1, 2, 1, 0, 1 ], [ 1, 2, 3, 2, 1, 2 ], [ 1, 1, 1, 1, 1, 1 ], [ 0, 1, 1, 1, 1, 1 ], 
  [ 0, 0, 1, 1, 1, 1 ], [ 1, 1, 1, 1, 0, 1 ], [ 0, 1, 1, 1, 0, 1 ], [ 0, 0, 1, 1, 0, 1 ], 
  [ 1, 1, 1, 0, 0, 1 ], [ 0, 1, 1, 0, 0, 1 ], [ 0, 0, 1, 0, 0, 1 ], [ 0, 0, 0, 0, 0, 1 ] ]
Cartan roots (36):
[ [ 1, 0, 0, 0, 0, 0 ], [ 1, 1, 0, 0, 0, 0 ], [ 0, 1, 0, 0, 0, 0 ], [ 1, 1, 1, 0, 0, 0 ], 
  [ 0, 1, 1, 0, 0, 0 ], [ 0, 0, 1, 0, 0, 0 ], [ 1, 1, 1, 1, 0, 0 ], [ 0, 1, 1, 1, 0, 0 ], 
  [ 0, 0, 1, 1, 0, 0 ], [ 0, 0, 0, 1, 0, 0 ], [ 1, 1, 1, 1, 1, 0 ], [ 0, 1, 1, 1, 1, 0 ], 
  [ 0, 0, 1, 1, 1, 0 ], [ 0, 0, 0, 1, 1, 0 ], [ 0, 0, 0, 0, 1, 0 ], [ 1, 2, 3, 2, 1, 1 ], 
  [ 1, 2, 2, 2, 1, 1 ], [ 1, 2, 2, 1, 1, 1 ], [ 1, 2, 2, 1, 0, 1 ], [ 1, 1, 2, 2, 1, 1 ], 
  [ 1, 1, 2, 1, 1, 1 ], [ 1, 1, 2, 1, 0, 1 ], [ 0, 1, 2, 2, 1, 1 ], [ 0, 1, 2, 1, 1, 1 ], 
  [ 0, 1, 2, 1, 0, 1 ], [ 1, 2, 3, 2, 1, 2 ], [ 1, 1, 1, 1, 1, 1 ], [ 0, 1, 1, 1, 1, 1 ], 
  [ 0, 0, 1, 1, 1, 1 ], [ 1, 1, 1, 1, 0, 1 ], [ 0, 1, 1, 1, 0, 1 ], [ 0, 0, 1, 1, 0, 1 ], 
  [ 1, 1, 1, 0, 0, 1 ], [ 0, 1, 1, 0, 0, 1 ], [ 0, 0, 1, 0, 0, 1 ], [ 0, 0, 0, 0, 0, 1 ] ]
--
