File: rank6/g46a.g
The braiding is:
[ [    E(3),  E(3)^2,       1,       1,       1,       1 ],
  [       1,    E(3),  E(3)^2,       1,       1,       1 ],
  [       1,       1,    E(3),  E(3)^2,       1,       1 ],
  [       1,       1,       1,      -1,  E(3)^2,       1 ],
  [       1,       1,       1,       1,    E(3),  E(3)^2 ],
  [       1,       1,       1,       1,       1,    E(3) ] ]
Longest word:
[ 1, 2, 1, 3, 2, 1, 4, 3, 2, 1, 5, 3, 2, 1, 4, 3, 2, 5, 3, 4, 5, 6, 5, 4, 3, 2, 1, 5, 3, 2, 4, 3, 5, 6, 
  5, 3, 2, 1, 4, 3, 2, 5, 3, 4, 5, 6 ]
Positive roots (46):
[ [ 1, 0, 0, 0, 0, 0 ], [ 1, 1, 0, 0, 0, 0 ], [ 0, 1, 0, 0, 0, 0 ], [ 1, 1, 1, 0, 0, 0 ], 
  [ 0, 1, 1, 0, 0, 0 ], [ 0, 0, 1, 0, 0, 0 ], [ 1, 1, 1, 1, 0, 0 ], [ 0, 1, 1, 1, 0, 0 ], 
  [ 0, 0, 1, 1, 0, 0 ], [ 0, 0, 0, 1, 0, 0 ], [ 1, 2, 2, 2, 1, 0 ], [ 1, 1, 2, 2, 1, 0 ], 
  [ 1, 1, 1, 2, 1, 0 ], [ 1, 1, 1, 1, 1, 0 ], [ 0, 1, 2, 2, 1, 0 ], [ 0, 1, 1, 2, 1, 0 ], 
  [ 0, 1, 1, 1, 1, 0 ], [ 0, 0, 1, 2, 1, 0 ], [ 0, 0, 1, 1, 1, 0 ], [ 0, 0, 0, 1, 1, 0 ], 
  [ 0, 0, 0, 0, 1, 0 ], [ 1, 2, 3, 4, 3, 1 ], [ 1, 2, 3, 4, 2, 1 ], [ 1, 2, 3, 3, 2, 1 ], 
  [ 1, 2, 2, 3, 2, 1 ], [ 1, 1, 2, 3, 2, 1 ], [ 0, 1, 2, 3, 2, 1 ], [ 1, 2, 2, 2, 2, 1 ], 
  [ 1, 1, 2, 2, 2, 1 ], [ 0, 1, 2, 2, 2, 1 ], [ 1, 1, 1, 2, 2, 1 ], [ 0, 1, 1, 2, 2, 1 ], 
  [ 0, 0, 1, 2, 2, 1 ], [ 1, 2, 3, 4, 3, 2 ], [ 1, 2, 2, 2, 1, 1 ], [ 1, 1, 2, 2, 1, 1 ], 
  [ 1, 1, 1, 2, 1, 1 ], [ 1, 1, 1, 1, 1, 1 ], [ 0, 1, 2, 2, 1, 1 ], [ 0, 1, 1, 2, 1, 1 ], 
  [ 0, 1, 1, 1, 1, 1 ], [ 0, 0, 1, 2, 1, 1 ], [ 0, 0, 1, 1, 1, 1 ], [ 0, 0, 0, 1, 1, 1 ], 
  [ 0, 0, 0, 0, 1, 1 ], [ 0, 0, 0, 0, 0, 1 ] ]
Cartan roots (30):
[ [ 1, 0, 0, 0, 0, 0 ], [ 1, 1, 0, 0, 0, 0 ], [ 0, 1, 0, 0, 0, 0 ], [ 1, 1, 1, 0, 0, 0 ], 
  [ 0, 1, 1, 0, 0, 0 ], [ 0, 0, 1, 0, 0, 0 ], [ 1, 2, 2, 2, 1, 0 ], [ 1, 1, 2, 2, 1, 0 ], 
  [ 1, 1, 1, 2, 1, 0 ], [ 0, 1, 2, 2, 1, 0 ], [ 0, 1, 1, 2, 1, 0 ], [ 0, 0, 1, 2, 1, 0 ], 
  [ 0, 0, 0, 0, 1, 0 ], [ 1, 2, 3, 4, 3, 1 ], [ 1, 2, 3, 4, 2, 1 ], [ 1, 2, 2, 2, 2, 1 ], 
  [ 1, 1, 2, 2, 2, 1 ], [ 0, 1, 2, 2, 2, 1 ], [ 1, 1, 1, 2, 2, 1 ], [ 0, 1, 1, 2, 2, 1 ], 
  [ 0, 0, 1, 2, 2, 1 ], [ 1, 2, 3, 4, 3, 2 ], [ 1, 2, 2, 2, 1, 1 ], [ 1, 1, 2, 2, 1, 1 ], 
  [ 1, 1, 1, 2, 1, 1 ], [ 0, 1, 2, 2, 1, 1 ], [ 0, 1, 1, 2, 1, 1 ], [ 0, 0, 1, 2, 1, 1 ], 
  [ 0, 0, 0, 0, 1, 1 ], [ 0, 0, 0, 0, 0, 1 ] ]
--
