File: rank6/g46f.g
The braiding is:
[ [      -1,  E(3)^2,       1,       1,       1,       1 ],
  [       1,    E(3),  E(3)^2,       1,       1,       1 ],
  [       1,       1,    E(3),  E(3)^2,       1,  E(3)^2 ],
  [       1,       1,       1,    E(3),  E(3)^2,       1 ],
  [       1,       1,       1,       1,    E(3),       1 ],
  [       1,       1,       1,       1,       1,    E(3) ] ]
Longest word:
[ 1, 2, 1, 3, 2, 1, 4, 3, 2, 1, 5, 4, 3, 2, 1, 6, 4, 3, 2, 1, 5, 4, 3, 2, 6, 3, 2, 1, 4, 3, 2, 5, 4, 3, 
  6, 4, 3, 2, 1, 5, 6, 3, 2, 4, 3, 6 ]
Positive roots (46):
[ [ 1, 0, 0, 0, 0, 0 ], [ 1, 1, 0, 0, 0, 0 ], [ 0, 1, 0, 0, 0, 0 ], [ 1, 1, 1, 0, 0, 0 ], 
  [ 0, 1, 1, 0, 0, 0 ], [ 0, 0, 1, 0, 0, 0 ], [ 1, 1, 1, 1, 0, 0 ], [ 0, 1, 1, 1, 0, 0 ], 
  [ 0, 0, 1, 1, 0, 0 ], [ 0, 0, 0, 1, 0, 0 ], [ 1, 1, 1, 1, 1, 0 ], [ 0, 1, 1, 1, 1, 0 ], 
  [ 0, 0, 1, 1, 1, 0 ], [ 0, 0, 0, 1, 1, 0 ], [ 0, 0, 0, 0, 1, 0 ], [ 2, 3, 3, 2, 1, 1 ], 
  [ 2, 2, 3, 2, 1, 1 ], [ 2, 2, 2, 2, 1, 1 ], [ 2, 2, 2, 1, 1, 1 ], [ 2, 2, 2, 1, 0, 1 ], 
  [ 1, 2, 3, 2, 1, 1 ], [ 1, 2, 2, 2, 1, 1 ], [ 1, 2, 2, 1, 1, 1 ], [ 1, 2, 2, 1, 0, 1 ], 
  [ 2, 3, 4, 3, 2, 2 ], [ 2, 3, 4, 3, 1, 2 ], [ 1, 1, 2, 2, 1, 1 ], [ 0, 1, 2, 2, 1, 1 ], 
  [ 2, 3, 4, 2, 1, 2 ], [ 1, 1, 2, 1, 1, 1 ], [ 0, 1, 2, 1, 1, 1 ], [ 2, 3, 3, 2, 1, 2 ], 
  [ 1, 1, 1, 1, 1, 1 ], [ 0, 1, 1, 1, 1, 1 ], [ 2, 2, 3, 2, 1, 2 ], [ 1, 2, 3, 2, 1, 2 ], 
  [ 1, 1, 2, 1, 0, 1 ], [ 1, 1, 1, 1, 0, 1 ], [ 1, 1, 1, 0, 0, 1 ], [ 0, 0, 1, 1, 1, 1 ], 
  [ 0, 1, 2, 1, 0, 1 ], [ 0, 1, 1, 1, 0, 1 ], [ 0, 1, 1, 0, 0, 1 ], [ 0, 0, 1, 1, 0, 1 ], 
  [ 0, 0, 1, 0, 0, 1 ], [ 0, 0, 0, 0, 0, 1 ] ]
Cartan roots (30):
[ [ 0, 1, 0, 0, 0, 0 ], [ 0, 1, 1, 0, 0, 0 ], [ 0, 0, 1, 0, 0, 0 ], [ 0, 1, 1, 1, 0, 0 ], 
  [ 0, 0, 1, 1, 0, 0 ], [ 0, 0, 0, 1, 0, 0 ], [ 0, 1, 1, 1, 1, 0 ], [ 0, 0, 1, 1, 1, 0 ], 
  [ 0, 0, 0, 1, 1, 0 ], [ 0, 0, 0, 0, 1, 0 ], [ 2, 3, 3, 2, 1, 1 ], [ 2, 2, 3, 2, 1, 1 ], 
  [ 2, 2, 2, 2, 1, 1 ], [ 2, 2, 2, 1, 1, 1 ], [ 2, 2, 2, 1, 0, 1 ], [ 2, 3, 4, 3, 2, 2 ], 
  [ 2, 3, 4, 3, 1, 2 ], [ 0, 1, 2, 2, 1, 1 ], [ 2, 3, 4, 2, 1, 2 ], [ 0, 1, 2, 1, 1, 1 ], 
  [ 2, 3, 3, 2, 1, 2 ], [ 0, 1, 1, 1, 1, 1 ], [ 2, 2, 3, 2, 1, 2 ], [ 0, 0, 1, 1, 1, 1 ], 
  [ 0, 1, 2, 1, 0, 1 ], [ 0, 1, 1, 1, 0, 1 ], [ 0, 1, 1, 0, 0, 1 ], [ 0, 0, 1, 1, 0, 1 ], 
  [ 0, 0, 1, 0, 0, 1 ], [ 0, 0, 0, 0, 0, 1 ] ]
--
