File: rank6/g66h.g
The braiding is:
[ [      -1,  E(3)^2,       1,       1,       1,       1 ],
  [       1,    E(3),  E(3)^2,       1,       1,       1 ],
  [       1,       1,      -1,    E(3),       1,    E(3) ],
  [       1,       1,       1,      -1,  E(3)^2,    E(3) ],
  [       1,       1,       1,       1,    E(3),       1 ],
  [       1,       1,       1,       1,       1,      -1 ] ]
Longest word:
[ 1, 2, 1, 3, 2, 1, 4, 3, 2, 1, 5, 4, 3, 2, 1, 6, 4, 3, 2, 1, 5, 4, 3, 2, 6, 4, 3, 2, 1, 5, 4, 3, 2, 6, 
  3, 2, 1, 4, 5, 6, 3, 2, 4, 3, 2, 1, 5, 4, 6, 4, 3, 2, 5, 4, 3, 6, 4, 3, 2, 1, 5, 4, 3, 2, 6, 3, 4, 6 ]
Positive roots (68):
[ [ 1, 0, 0, 0, 0, 0 ], [ 1, 1, 0, 0, 0, 0 ], [ 0, 1, 0, 0, 0, 0 ], [ 1, 1, 1, 0, 0, 0 ], 
  [ 0, 1, 1, 0, 0, 0 ], [ 0, 0, 1, 0, 0, 0 ], [ 1, 1, 1, 1, 0, 0 ], [ 0, 1, 1, 1, 0, 0 ], 
  [ 0, 0, 1, 1, 0, 0 ], [ 0, 0, 0, 1, 0, 0 ], [ 1, 1, 1, 1, 1, 0 ], [ 0, 1, 1, 1, 1, 0 ], 
  [ 0, 0, 1, 1, 1, 0 ], [ 0, 0, 0, 1, 1, 0 ], [ 0, 0, 0, 0, 1, 0 ], [ 2, 3, 3, 2, 1, 1 ], 
  [ 2, 2, 3, 2, 1, 1 ], [ 2, 2, 2, 2, 1, 1 ], [ 2, 2, 2, 1, 1, 1 ], [ 2, 2, 2, 1, 0, 1 ], 
  [ 1, 2, 3, 2, 1, 1 ], [ 1, 2, 2, 2, 1, 1 ], [ 1, 2, 2, 1, 1, 1 ], [ 1, 2, 2, 1, 0, 1 ], 
  [ 2, 3, 4, 4, 2, 2 ], [ 2, 3, 4, 3, 2, 2 ], [ 2, 3, 4, 3, 1, 2 ], [ 1, 1, 2, 2, 1, 1 ], 
  [ 0, 1, 2, 2, 1, 1 ], [ 2, 3, 3, 3, 2, 2 ], [ 2, 3, 3, 3, 1, 2 ], [ 1, 1, 1, 2, 1, 1 ], 
  [ 0, 1, 1, 2, 1, 1 ], [ 3, 4, 5, 4, 2, 3 ], [ 2, 4, 5, 4, 2, 3 ], [ 2, 3, 4, 2, 1, 2 ], 
  [ 2, 3, 3, 2, 1, 2 ], [ 2, 2, 3, 3, 2, 2 ], [ 2, 2, 3, 3, 1, 2 ], [ 1, 2, 3, 3, 2, 2 ], 
  [ 1, 1, 2, 1, 1, 1 ], [ 1, 1, 1, 1, 1, 1 ], [ 2, 3, 5, 4, 2, 3 ], [ 2, 3, 4, 4, 2, 3 ], 
  [ 1, 2, 3, 3, 1, 2 ], [ 0, 0, 1, 2, 1, 1 ], [ 0, 1, 2, 1, 1, 1 ], [ 0, 1, 1, 1, 1, 1 ], 
  [ 2, 3, 4, 3, 2, 3 ], [ 2, 2, 3, 2, 1, 2 ], [ 1, 2, 3, 2, 1, 2 ], [ 0, 0, 1, 1, 1, 1 ], 
  [ 2, 2, 2, 2, 1, 2 ], [ 1, 2, 2, 2, 1, 2 ], [ 0, 0, 0, 1, 1, 1 ], [ 2, 3, 4, 3, 1, 3 ], 
  [ 1, 1, 2, 2, 1, 2 ], [ 1, 1, 2, 1, 0, 1 ], [ 1, 1, 1, 1, 0, 1 ], [ 1, 1, 1, 0, 0, 1 ], 
  [ 0, 1, 2, 2, 1, 2 ], [ 0, 1, 2, 1, 0, 1 ], [ 0, 1, 1, 1, 0, 1 ], [ 0, 1, 1, 0, 0, 1 ], 
  [ 0, 0, 1, 1, 0, 1 ], [ 0, 0, 1, 0, 0, 1 ], [ 0, 0, 0, 1, 0, 1 ], [ 0, 0, 0, 0, 0, 1 ] ]
Cartan roots (36):
[ [ 0, 1, 0, 0, 0, 0 ], [ 1, 1, 1, 0, 0, 0 ], [ 0, 1, 1, 1, 0, 0 ], [ 0, 0, 1, 1, 0, 0 ], 
  [ 0, 1, 1, 1, 1, 0 ], [ 0, 0, 1, 1, 1, 0 ], [ 0, 0, 0, 0, 1, 0 ], [ 2, 3, 3, 2, 1, 1 ], 
  [ 2, 2, 3, 2, 1, 1 ], [ 2, 2, 2, 1, 1, 1 ], [ 2, 2, 2, 1, 0, 1 ], [ 1, 2, 2, 2, 1, 1 ], 
  [ 2, 3, 4, 4, 2, 2 ], [ 1, 1, 2, 2, 1, 1 ], [ 2, 3, 3, 3, 2, 2 ], [ 2, 3, 3, 3, 1, 2 ], 
  [ 0, 1, 1, 2, 1, 1 ], [ 2, 4, 5, 4, 2, 3 ], [ 2, 3, 4, 2, 1, 2 ], [ 2, 2, 3, 3, 2, 2 ], 
  [ 2, 2, 3, 3, 1, 2 ], [ 1, 1, 1, 1, 1, 1 ], [ 2, 3, 5, 4, 2, 3 ], [ 0, 0, 1, 2, 1, 1 ], 
  [ 0, 1, 2, 1, 1, 1 ], [ 2, 3, 4, 3, 2, 3 ], [ 1, 2, 3, 2, 1, 2 ], [ 2, 2, 2, 2, 1, 2 ], 
  [ 0, 0, 0, 1, 1, 1 ], [ 2, 3, 4, 3, 1, 3 ], [ 1, 1, 1, 1, 0, 1 ], [ 0, 1, 2, 2, 1, 2 ], 
  [ 0, 1, 2, 1, 0, 1 ], [ 0, 1, 1, 0, 0, 1 ], [ 0, 0, 1, 0, 0, 1 ], [ 0, 0, 0, 1, 0, 1 ] ]
--
