File: rank6/ufo2c.g
The braiding is:
[ [   E(4),  -E(4),      1,      1,      1,      1 ],
  [      1,     -1,   E(4),      1,      1,      1 ],
  [      1,      1,     -1,  -E(4),  -E(4),      1 ],
  [      1,      1,      1,   E(4),      1,      1 ],
  [      1,      1,      1,      1,   E(4),  -E(4) ],
  [      1,      1,      1,      1,      1,   E(4) ] ]
Longest word:
[ 1, 2, 1, 3, 2, 1, 4, 3, 2, 1, 5, 3, 2, 1, 4, 3, 2, 5, 4, 3, 5, 6, 4, 3, 2, 1, 5, 3, 2, 4, 5, 3, 4, 6, 
  5, 3, 2, 1, 4, 3, 2, 5, 4, 3, 5, 6, 4, 3, 2, 1, 5, 3, 4, 5, 6, 5, 3, 2, 4, 5, 3, 4, 6 ]
Positive roots (63):
[ [ 1, 0, 0, 0, 0, 0 ], [ 1, 1, 0, 0, 0, 0 ], [ 0, 1, 0, 0, 0, 0 ], [ 1, 1, 1, 0, 0, 0 ], 
  [ 0, 1, 1, 0, 0, 0 ], [ 0, 0, 1, 0, 0, 0 ], [ 1, 1, 1, 1, 0, 0 ], [ 0, 1, 1, 1, 0, 0 ], 
  [ 0, 0, 1, 1, 0, 0 ], [ 0, 0, 0, 1, 0, 0 ], [ 1, 2, 2, 1, 1, 0 ], [ 1, 1, 2, 1, 1, 0 ], 
  [ 1, 1, 1, 1, 1, 0 ], [ 1, 1, 1, 0, 1, 0 ], [ 0, 1, 2, 1, 1, 0 ], [ 0, 1, 1, 1, 1, 0 ], 
  [ 0, 1, 1, 0, 1, 0 ], [ 0, 0, 2, 1, 1, 0 ], [ 0, 0, 1, 1, 1, 0 ], [ 0, 0, 1, 0, 1, 0 ], 
  [ 0, 0, 0, 0, 1, 0 ], [ 1, 2, 5, 3, 3, 1 ], [ 1, 2, 5, 2, 3, 1 ], [ 1, 2, 4, 2, 3, 1 ], 
  [ 1, 1, 4, 2, 3, 1 ], [ 0, 1, 4, 2, 3, 1 ], [ 1, 2, 4, 2, 2, 1 ], [ 1, 1, 4, 2, 2, 1 ], 
  [ 0, 1, 4, 2, 2, 1 ], [ 1, 2, 3, 2, 2, 1 ], [ 1, 1, 3, 2, 2, 1 ], [ 0, 1, 3, 2, 2, 1 ], 
  [ 0, 0, 3, 2, 2, 1 ], [ 2, 3, 6, 3, 4, 2 ], [ 1, 3, 6, 3, 4, 2 ], [ 1, 2, 6, 3, 4, 2 ], 
  [ 1, 2, 5, 3, 4, 2 ], [ 1, 2, 5, 3, 3, 2 ], [ 1, 2, 3, 1, 2, 1 ], [ 1, 2, 2, 1, 2, 1 ], 
  [ 1, 2, 2, 1, 1, 1 ], [ 1, 1, 3, 1, 2, 1 ], [ 1, 1, 2, 1, 2, 1 ], [ 1, 1, 2, 1, 1, 1 ], 
  [ 1, 1, 1, 1, 1, 1 ], [ 1, 2, 5, 2, 4, 2 ], [ 1, 2, 5, 2, 3, 2 ], [ 1, 2, 4, 2, 3, 2 ], 
  [ 1, 1, 4, 2, 3, 2 ], [ 1, 1, 1, 0, 1, 1 ], [ 0, 1, 3, 1, 2, 1 ], [ 0, 0, 3, 1, 2, 1 ], 
  [ 0, 1, 2, 1, 2, 1 ], [ 0, 0, 2, 1, 2, 1 ], [ 0, 1, 4, 2, 3, 2 ], [ 0, 1, 2, 1, 1, 1 ], 
  [ 0, 1, 1, 1, 1, 1 ], [ 0, 1, 1, 0, 1, 1 ], [ 0, 0, 2, 1, 1, 1 ], [ 0, 0, 1, 1, 1, 1 ], 
  [ 0, 0, 1, 0, 1, 1 ], [ 0, 0, 0, 0, 1, 1 ], [ 0, 0, 0, 0, 0, 1 ] ]
Cartan roots (36):
[ [ 1, 0, 0, 0, 0, 0 ], [ 1, 1, 1, 0, 0, 0 ], [ 0, 1, 1, 0, 0, 0 ], [ 1, 1, 1, 1, 0, 0 ], 
  [ 0, 1, 1, 1, 0, 0 ], [ 0, 0, 0, 1, 0, 0 ], [ 1, 2, 2, 1, 1, 0 ], [ 1, 1, 1, 1, 1, 0 ], 
  [ 1, 1, 1, 0, 1, 0 ], [ 0, 1, 1, 1, 1, 0 ], [ 0, 1, 1, 0, 1, 0 ], [ 0, 0, 0, 0, 1, 0 ], 
  [ 1, 2, 5, 3, 3, 1 ], [ 1, 2, 5, 2, 3, 1 ], [ 1, 1, 4, 2, 3, 1 ], [ 0, 1, 4, 2, 3, 1 ], 
  [ 1, 1, 4, 2, 2, 1 ], [ 0, 1, 4, 2, 2, 1 ], [ 0, 0, 3, 2, 2, 1 ], [ 2, 3, 6, 3, 4, 2 ], 
  [ 1, 3, 6, 3, 4, 2 ], [ 1, 2, 5, 3, 4, 2 ], [ 1, 2, 5, 3, 3, 2 ], [ 1, 2, 2, 1, 2, 1 ], 
  [ 1, 2, 2, 1, 1, 1 ], [ 1, 1, 1, 1, 1, 1 ], [ 1, 2, 5, 2, 4, 2 ], [ 1, 2, 5, 2, 3, 2 ], 
  [ 1, 1, 4, 2, 3, 2 ], [ 1, 1, 1, 0, 1, 1 ], [ 0, 0, 3, 1, 2, 1 ], [ 0, 1, 4, 2, 3, 2 ], 
  [ 0, 1, 1, 1, 1, 1 ], [ 0, 1, 1, 0, 1, 1 ], [ 0, 0, 0, 0, 1, 1 ], [ 0, 0, 0, 0, 0, 1 ] ]
--
