File: rank3/affine.g
The braiding is:
[ [ x, x^-1, 1 ], [ 1, E(3), E(3)^2*x ], [ 1, 1, E(3)*x^-1 ] ]
Longest word:
[ 1, 2, 1, 2, 3, 2, 1, 2, 3, 2, 1, 2, 3, 2, 1, 2, 3, 2, 1, 2, 3, 2, 1, 2, 3, 2, 1, 2, 3, 2, 1, 2, 3, 2, 
  1, 2, 3, 2, 1, 2, 3, 2, 1, 2, 3, 2, 1, 2, 3, 2, 1, 2, 3, 2, 1, 2, 3, 2, 1, 2, 3, 2, 1, 2, 3, 2, 1, 2, 
  3, 2, 1, 2, 3, 2, 1, 2, 3, 2, 1, 2, 3, 2, 1, 2, 3, 2, 1, 2, 3, 2, 1, 2, 3, 2, 1, 2, 3, 2, 1, 2, 3, 2, 
  1, 2, 3, 2, 1, 2, 3, 2, 1, 2, 3, 2, 1, 2, 3, 2, 1, 2, 3, 2, 1, 2, 3, 2, 1, 2, 3, 2, 1, 2, 3, 2, 1, 2, 
  3, 2, 1, 2, 3, 2, 1, 2, 3, 2, 1, 2, 3, 2, 1, 2, 3, 2, 1, 2, 3, 2, 1, 2, 3, 2, 1, 2, 3, 2, 1, 2, 3, 2, 
  1, 2, 3, 2, 1, 2, 3, 2, 1, 2, 3, 2, 1, 2, 3, 2, 1, 2, 3, 2, 1, 2, 3, 2, 1, 2, 3, 2, 1, 2, 3, 2, 1, 2, 
  3, 2, 1, 2, 3, 2, 1, 2, 3, 2, 1, 2, 3, 2, 1, 2, 3, 2, 1, 2, 3, 2, 1, 2, 3, 2, 1, 2, 3, 2, 1, 2, 3, 2, 
  1, 2, 3, 2, 1, 2, 3, 2, 1, 2, 3, 2, 1 ]
Positive roots (251):
[ [ 1, 0, 0 ], [ 1, 1, 0 ], [ 1, 2, 0 ], [ 0, 1, 0 ], [ 2, 4, 1 ], [ 2, 3, 1 ], [ 3, 6, 2 ], 
  [ 1, 3, 1 ], [ 4, 8, 3 ], [ 3, 5, 2 ], [ 5, 10, 4 ], [ 2, 5, 2 ], [ 6, 12, 5 ], [ 4, 7, 3 ], 
  [ 7, 14, 6 ], [ 3, 7, 3 ], [ 8, 16, 7 ], [ 5, 9, 4 ], [ 9, 18, 8 ], [ 4, 9, 4 ], [ 10, 20, 9 ], 
  [ 6, 11, 5 ], [ 11, 22, 10 ], [ 5, 11, 5 ], [ 12, 24, 11 ], [ 7, 13, 6 ], [ 13, 26, 12 ], 
  [ 6, 13, 6 ], [ 14, 28, 13 ], [ 8, 15, 7 ], [ 15, 30, 14 ], [ 7, 15, 7 ], [ 16, 32, 15 ], 
  [ 9, 17, 8 ], [ 17, 34, 16 ], [ 8, 17, 8 ], [ 18, 36, 17 ], [ 10, 19, 9 ], [ 19, 38, 18 ], 
  [ 9, 19, 9 ], [ 20, 40, 19 ], [ 11, 21, 10 ], [ 21, 42, 20 ], [ 10, 21, 10 ], [ 22, 44, 21 ], 
  [ 12, 23, 11 ], [ 23, 46, 22 ], [ 11, 23, 11 ], [ 24, 48, 23 ], [ 13, 25, 12 ], [ 25, 50, 24 ], 
  [ 12, 25, 12 ], [ 26, 52, 25 ], [ 14, 27, 13 ], [ 27, 54, 26 ], [ 13, 27, 13 ], [ 28, 56, 27 ], 
  [ 15, 29, 14 ], [ 29, 58, 28 ], [ 14, 29, 14 ], [ 30, 60, 29 ], [ 16, 31, 15 ], [ 31, 62, 30 ], 
  [ 15, 31, 15 ], [ 32, 64, 31 ], [ 17, 33, 16 ], [ 33, 66, 32 ], [ 16, 33, 16 ], [ 34, 68, 33 ], 
  [ 18, 35, 17 ], [ 35, 70, 34 ], [ 17, 35, 17 ], [ 36, 72, 35 ], [ 19, 37, 18 ], [ 37, 74, 36 ], 
  [ 18, 37, 18 ], [ 38, 76, 37 ], [ 20, 39, 19 ], [ 39, 78, 38 ], [ 19, 39, 19 ], [ 40, 80, 39 ], 
  [ 21, 41, 20 ], [ 41, 82, 40 ], [ 20, 41, 20 ], [ 42, 84, 41 ], [ 22, 43, 21 ], [ 43, 86, 42 ], 
  [ 21, 43, 21 ], [ 44, 88, 43 ], [ 23, 45, 22 ], [ 45, 90, 44 ], [ 22, 45, 22 ], [ 46, 92, 45 ], 
  [ 24, 47, 23 ], [ 47, 94, 46 ], [ 23, 47, 23 ], [ 48, 96, 47 ], [ 25, 49, 24 ], [ 49, 98, 48 ], 
  [ 24, 49, 24 ], [ 50, 100, 49 ], [ 26, 51, 25 ], [ 51, 102, 50 ], [ 25, 51, 25 ], [ 52, 104, 51 ], 
  [ 27, 53, 26 ], [ 53, 106, 52 ], [ 26, 53, 26 ], [ 54, 108, 53 ], [ 28, 55, 27 ], [ 55, 110, 54 ], 
  [ 27, 55, 27 ], [ 56, 112, 55 ], [ 29, 57, 28 ], [ 57, 114, 56 ], [ 28, 57, 28 ], [ 58, 116, 57 ], 
  [ 30, 59, 29 ], [ 59, 118, 58 ], [ 29, 59, 29 ], [ 60, 120, 59 ], [ 31, 61, 30 ], [ 61, 122, 60 ], 
  [ 30, 61, 30 ], [ 62, 124, 61 ], [ 32, 63, 31 ], [ 63, 126, 62 ], [ 31, 63, 31 ], [ 64, 128, 63 ], 
  [ 33, 65, 32 ], [ 65, 130, 64 ], [ 32, 65, 32 ], [ 66, 132, 65 ], [ 34, 67, 33 ], [ 67, 134, 66 ], 
  [ 33, 67, 33 ], [ 68, 136, 67 ], [ 35, 69, 34 ], [ 69, 138, 68 ], [ 34, 69, 34 ], [ 70, 140, 69 ], 
  [ 36, 71, 35 ], [ 71, 142, 70 ], [ 35, 71, 35 ], [ 72, 144, 71 ], [ 37, 73, 36 ], [ 73, 146, 72 ], 
  [ 36, 73, 36 ], [ 74, 148, 73 ], [ 38, 75, 37 ], [ 75, 150, 74 ], [ 37, 75, 37 ], [ 76, 152, 75 ], 
  [ 39, 77, 38 ], [ 77, 154, 76 ], [ 38, 77, 38 ], [ 78, 156, 77 ], [ 40, 79, 39 ], [ 79, 158, 78 ], 
  [ 39, 79, 39 ], [ 80, 160, 79 ], [ 41, 81, 40 ], [ 81, 162, 80 ], [ 40, 81, 40 ], [ 82, 164, 81 ], 
  [ 42, 83, 41 ], [ 83, 166, 82 ], [ 41, 83, 41 ], [ 84, 168, 83 ], [ 43, 85, 42 ], [ 85, 170, 84 ], 
  [ 42, 85, 42 ], [ 86, 172, 85 ], [ 44, 87, 43 ], [ 87, 174, 86 ], [ 43, 87, 43 ], [ 88, 176, 87 ], 
  [ 45, 89, 44 ], [ 89, 178, 88 ], [ 44, 89, 44 ], [ 90, 180, 89 ], [ 46, 91, 45 ], [ 91, 182, 90 ], 
  [ 45, 91, 45 ], [ 92, 184, 91 ], [ 47, 93, 46 ], [ 93, 186, 92 ], [ 46, 93, 46 ], [ 94, 188, 93 ], 
  [ 48, 95, 47 ], [ 95, 190, 94 ], [ 47, 95, 47 ], [ 96, 192, 95 ], [ 49, 97, 48 ], [ 97, 194, 96 ], 
  [ 48, 97, 48 ], [ 98, 196, 97 ], [ 50, 99, 49 ], [ 99, 198, 98 ], [ 49, 99, 49 ], [ 100, 200, 99 ], 
  [ 51, 101, 50 ], [ 101, 202, 100 ], [ 50, 101, 50 ], [ 102, 204, 101 ], [ 52, 103, 51 ], 
  [ 103, 206, 102 ], [ 51, 103, 51 ], [ 104, 208, 103 ], [ 53, 105, 52 ], [ 105, 210, 104 ], 
  [ 52, 105, 52 ], [ 106, 212, 105 ], [ 54, 107, 53 ], [ 107, 214, 106 ], [ 53, 107, 53 ], 
  [ 108, 216, 107 ], [ 55, 109, 54 ], [ 109, 218, 108 ], [ 54, 109, 54 ], [ 110, 220, 109 ], 
  [ 56, 111, 55 ], [ 111, 222, 110 ], [ 55, 111, 55 ], [ 112, 224, 111 ], [ 57, 113, 56 ], 
  [ 113, 226, 112 ], [ 56, 113, 56 ], [ 114, 228, 113 ], [ 58, 115, 57 ], [ 115, 230, 114 ], 
  [ 57, 115, 57 ], [ 116, 232, 115 ], [ 59, 117, 58 ], [ 117, 234, 116 ], [ 58, 117, 58 ], 
  [ 118, 236, 117 ], [ 60, 119, 59 ], [ 119, 238, 118 ], [ 59, 119, 59 ], [ 120, 240, 119 ], 
  [ 61, 121, 60 ], [ 121, 242, 120 ], [ 60, 121, 60 ], [ 122, 244, 121 ], [ 62, 123, 61 ], 
  [ 123, 246, 122 ], [ 61, 123, 61 ], [ 124, 248, 123 ], [ 63, 125, 62 ], [ 125, 250, 124 ] ]
Cartan roots (125):
[ [ 1, 2, 0 ], [ 2, 4, 1 ], [ 3, 6, 2 ], [ 4, 8, 3 ], [ 5, 10, 4 ], [ 6, 12, 5 ], [ 7, 14, 6 ], 
  [ 8, 16, 7 ], [ 9, 18, 8 ], [ 10, 20, 9 ], [ 11, 22, 10 ], [ 12, 24, 11 ], [ 13, 26, 12 ], 
  [ 14, 28, 13 ], [ 15, 30, 14 ], [ 16, 32, 15 ], [ 17, 34, 16 ], [ 18, 36, 17 ], [ 19, 38, 18 ], 
  [ 20, 40, 19 ], [ 21, 42, 20 ], [ 22, 44, 21 ], [ 23, 46, 22 ], [ 24, 48, 23 ], [ 25, 50, 24 ], 
  [ 26, 52, 25 ], [ 27, 54, 26 ], [ 28, 56, 27 ], [ 29, 58, 28 ], [ 30, 60, 29 ], [ 31, 62, 30 ], 
  [ 32, 64, 31 ], [ 33, 66, 32 ], [ 34, 68, 33 ], [ 35, 70, 34 ], [ 36, 72, 35 ], [ 37, 74, 36 ], 
  [ 38, 76, 37 ], [ 39, 78, 38 ], [ 40, 80, 39 ], [ 41, 82, 40 ], [ 42, 84, 41 ], [ 43, 86, 42 ], 
  [ 44, 88, 43 ], [ 45, 90, 44 ], [ 46, 92, 45 ], [ 47, 94, 46 ], [ 48, 96, 47 ], [ 49, 98, 48 ], 
  [ 50, 100, 49 ], [ 51, 102, 50 ], [ 52, 104, 51 ], [ 53, 106, 52 ], [ 54, 108, 53 ], [ 55, 110, 54 ], 
  [ 56, 112, 55 ], [ 57, 114, 56 ], [ 58, 116, 57 ], [ 59, 118, 58 ], [ 60, 120, 59 ], [ 61, 122, 60 ], 
  [ 62, 124, 61 ], [ 63, 126, 62 ], [ 64, 128, 63 ], [ 65, 130, 64 ], [ 66, 132, 65 ], [ 67, 134, 66 ], 
  [ 68, 136, 67 ], [ 69, 138, 68 ], [ 70, 140, 69 ], [ 71, 142, 70 ], [ 72, 144, 71 ], [ 73, 146, 72 ], 
  [ 74, 148, 73 ], [ 75, 150, 74 ], [ 76, 152, 75 ], [ 77, 154, 76 ], [ 78, 156, 77 ], [ 79, 158, 78 ], 
  [ 80, 160, 79 ], [ 81, 162, 80 ], [ 82, 164, 81 ], [ 83, 166, 82 ], [ 84, 168, 83 ], [ 85, 170, 84 ], 
  [ 86, 172, 85 ], [ 87, 174, 86 ], [ 88, 176, 87 ], [ 89, 178, 88 ], [ 90, 180, 89 ], [ 91, 182, 90 ], 
  [ 92, 184, 91 ], [ 93, 186, 92 ], [ 94, 188, 93 ], [ 95, 190, 94 ], [ 96, 192, 95 ], [ 97, 194, 96 ], 
  [ 98, 196, 97 ], [ 99, 198, 98 ], [ 100, 200, 99 ], [ 101, 202, 100 ], [ 102, 204, 101 ], 
  [ 103, 206, 102 ], [ 104, 208, 103 ], [ 105, 210, 104 ], [ 106, 212, 105 ], [ 107, 214, 106 ], 
  [ 108, 216, 107 ], [ 109, 218, 108 ], [ 110, 220, 109 ], [ 111, 222, 110 ], [ 112, 224, 111 ], 
  [ 113, 226, 112 ], [ 114, 228, 113 ], [ 115, 230, 114 ], [ 116, 232, 115 ], [ 117, 234, 116 ], 
  [ 118, 236, 117 ], [ 119, 238, 118 ], [ 120, 240, 119 ], [ 121, 242, 120 ], [ 122, 244, 121 ], 
  [ 123, 246, 122 ], [ 124, 248, 123 ], [ 125, 250, 124 ] ]
--
