File: rank5/el53e.g
The braiding is:
[ [      -1,  E(3)^2,       1,       1,       1 ],
  [       1,    E(3),  E(3)^2,       1,       1 ],
  [       1,       1,      -1,  E(3)^2,       1 ],
  [       1,       1,       1,    E(3),  E(3)^2 ],
  [       1,       1,       1,       1,    E(3) ] ]
Longest word:
[ 1, 2, 1, 3, 2, 1, 4, 3, 2, 1, 4, 2, 3, 4, 5, 4, 3, 2, 1, 4, 2, 3, 4, 5, 4, 3, 2, 1, 4, 2, 3, 4, 5 ]
Positive roots (33):
[ [ 1, 0, 0, 0, 0 ], [ 1, 1, 0, 0, 0 ], [ 0, 1, 0, 0, 0 ], [ 1, 1, 1, 0, 0 ], [ 0, 1, 1, 0, 0 ], 
  [ 0, 0, 1, 0, 0 ], [ 2, 2, 2, 1, 0 ], [ 1, 2, 2, 1, 0 ], [ 1, 1, 2, 1, 0 ], [ 1, 1, 1, 1, 0 ], 
  [ 0, 1, 2, 1, 0 ], [ 0, 1, 1, 1, 0 ], [ 0, 0, 1, 1, 0 ], [ 0, 0, 0, 1, 0 ], [ 2, 3, 4, 3, 1 ], 
  [ 2, 3, 4, 2, 1 ], [ 2, 3, 3, 2, 1 ], [ 2, 2, 3, 2, 1 ], [ 1, 2, 3, 2, 1 ], [ 2, 2, 2, 2, 1 ], 
  [ 1, 2, 2, 2, 1 ], [ 1, 1, 2, 2, 1 ], [ 0, 1, 2, 2, 1 ], [ 2, 3, 4, 3, 2 ], [ 2, 2, 2, 1, 1 ], 
  [ 1, 2, 2, 1, 1 ], [ 1, 1, 2, 1, 1 ], [ 1, 1, 1, 1, 1 ], [ 0, 1, 2, 1, 1 ], [ 0, 1, 1, 1, 1 ], 
  [ 0, 0, 1, 1, 1 ], [ 0, 0, 0, 1, 1 ], [ 0, 0, 0, 0, 1 ] ]
Cartan roots (17):
[ [ 0, 1, 0, 0, 0 ], [ 1, 1, 1, 0, 0 ], [ 2, 2, 2, 1, 0 ], [ 1, 1, 1, 1, 0 ], [ 0, 1, 2, 1, 0 ], 
  [ 0, 0, 0, 1, 0 ], [ 2, 3, 4, 3, 1 ], [ 2, 3, 4, 2, 1 ], [ 1, 2, 3, 2, 1 ], [ 2, 2, 2, 2, 1 ], 
  [ 0, 1, 2, 2, 1 ], [ 2, 3, 4, 3, 2 ], [ 2, 2, 2, 1, 1 ], [ 1, 1, 1, 1, 1 ], [ 0, 1, 2, 1, 1 ], 
  [ 0, 0, 0, 1, 1 ], [ 0, 0, 0, 0, 1 ] ]
--
