File: rank5/el53g.g
The braiding is:
[ [    E(3),  E(3)^2,       1,       1,       1 ],
  [       1,    E(3),  E(3)^2,       1,       1 ],
  [       1,       1,      -1,    E(3),    E(3) ],
  [       1,       1,       1,      -1,    E(3) ],
  [       1,       1,       1,       1,  E(3)^2 ] ]
Longest word:
[ 1, 2, 1, 3, 2, 1, 4, 3, 2, 1, 5, 3, 2, 1, 4, 2, 1, 3, 4, 2, 3, 5, 3, 2, 1, 4, 3, 2, 5, 3, 4, 3, 5 ]
Positive roots (33):
[ [ 1, 0, 0, 0, 0 ], [ 1, 1, 0, 0, 0 ], [ 0, 1, 0, 0, 0 ], [ 1, 1, 1, 0, 0 ], [ 0, 1, 1, 0, 0 ], 
  [ 0, 0, 1, 0, 0 ], [ 1, 1, 1, 1, 0 ], [ 0, 1, 1, 1, 0 ], [ 0, 0, 1, 1, 0 ], [ 0, 0, 0, 1, 0 ], 
  [ 1, 2, 2, 1, 1 ], [ 1, 1, 2, 1, 1 ], [ 1, 1, 1, 1, 1 ], [ 1, 1, 1, 0, 1 ], [ 1, 2, 3, 2, 2 ], 
  [ 1, 2, 3, 1, 2 ], [ 0, 1, 2, 1, 1 ], [ 1, 2, 2, 2, 2 ], [ 1, 2, 2, 1, 2 ], [ 0, 1, 1, 1, 1 ], 
  [ 0, 1, 1, 0, 1 ], [ 1, 2, 3, 2, 3 ], [ 1, 1, 2, 2, 2 ], [ 1, 1, 2, 1, 2 ], [ 1, 1, 1, 1, 2 ], 
  [ 0, 1, 2, 2, 2 ], [ 0, 1, 2, 1, 2 ], [ 0, 1, 1, 1, 2 ], [ 0, 0, 1, 1, 1 ], [ 0, 0, 0, 1, 1 ], 
  [ 0, 0, 1, 1, 2 ], [ 0, 0, 1, 0, 1 ], [ 0, 0, 0, 0, 1 ] ]
Cartan roots (17):
[ [ 1, 0, 0, 0, 0 ], [ 1, 1, 0, 0, 0 ], [ 0, 1, 0, 0, 0 ], [ 1, 1, 1, 1, 0 ], [ 0, 1, 1, 1, 0 ], 
  [ 0, 0, 1, 1, 0 ], [ 1, 1, 1, 1, 1 ], [ 1, 2, 3, 1, 2 ], [ 1, 2, 2, 2, 2 ], [ 0, 1, 1, 1, 1 ], 
  [ 1, 1, 2, 2, 2 ], [ 1, 1, 1, 1, 2 ], [ 0, 1, 2, 2, 2 ], [ 0, 1, 1, 1, 2 ], [ 0, 0, 1, 1, 1 ], 
  [ 0, 0, 1, 1, 2 ], [ 0, 0, 0, 0, 1 ] ]
--
