File: rank5/el55a.g
The braiding is:
[ [  E(5)^2,  E(5)^3,       1,       1,       1 ],
  [       1,  E(5)^2,  E(5)^3,       1,       1 ],
  [       1,       1,      -1,  E(5)^4,       1 ],
  [       1,       1,       1,    E(5),  E(5)^3 ],
  [       1,       1,       1,       1,  E(5)^2 ] ]
Longest word:
[ 1, 2, 1, 3, 2, 1, 4, 2, 1, 3, 2, 4, 3, 5, 3, 4, 2, 1, 5, 4, 2, 1, 5, 3, 4, 2, 5, 3, 4, 2, 1, 3, 2, 1, 
  4, 5, 4, 2, 3, 4, 5 ]
Positive roots (41):
[ [ 1, 0, 0, 0, 0 ], [ 1, 1, 0, 0, 0 ], [ 0, 1, 0, 0, 0 ], [ 1, 1, 1, 0, 0 ], [ 0, 1, 1, 0, 0 ], 
  [ 0, 0, 1, 0, 0 ], [ 1, 2, 2, 1, 0 ], [ 1, 1, 2, 1, 0 ], [ 1, 1, 1, 1, 0 ], [ 0, 1, 2, 1, 0 ], 
  [ 0, 1, 1, 1, 0 ], [ 0, 0, 1, 1, 0 ], [ 0, 0, 0, 1, 0 ], [ 1, 2, 3, 3, 1 ], [ 1, 2, 3, 2, 1 ], 
  [ 1, 2, 2, 3, 1 ], [ 1, 1, 2, 3, 1 ], [ 0, 1, 2, 3, 1 ], [ 1, 2, 2, 2, 1 ], [ 2, 3, 4, 4, 2 ], 
  [ 1, 3, 4, 4, 2 ], [ 1, 2, 2, 1, 1 ], [ 1, 1, 2, 2, 1 ], [ 1, 1, 1, 2, 1 ], [ 1, 2, 4, 4, 2 ], 
  [ 1, 1, 2, 1, 1 ], [ 1, 2, 3, 4, 2 ], [ 0, 1, 2, 2, 1 ], [ 1, 2, 3, 3, 2 ], [ 0, 1, 1, 2, 1 ], 
  [ 0, 0, 1, 2, 1 ], [ 1, 2, 2, 3, 2 ], [ 1, 1, 2, 3, 2 ], [ 1, 1, 1, 1, 1 ], [ 0, 0, 0, 2, 1 ], 
  [ 0, 1, 2, 3, 2 ], [ 0, 1, 2, 1, 1 ], [ 0, 1, 1, 1, 1 ], [ 0, 0, 1, 1, 1 ], [ 0, 0, 0, 1, 1 ], 
  [ 0, 0, 0, 0, 1 ] ]
Cartan roots (25):
[ [ 1, 0, 0, 0, 0 ], [ 1, 1, 0, 0, 0 ], [ 0, 1, 0, 0, 0 ], [ 1, 2, 2, 1, 0 ], [ 1, 1, 2, 1, 0 ], 
  [ 0, 1, 2, 1, 0 ], [ 0, 0, 0, 1, 0 ], [ 1, 2, 2, 3, 1 ], [ 1, 1, 2, 3, 1 ], [ 0, 1, 2, 3, 1 ], 
  [ 1, 2, 2, 2, 1 ], [ 2, 3, 4, 4, 2 ], [ 1, 3, 4, 4, 2 ], [ 1, 2, 2, 1, 1 ], [ 1, 1, 2, 2, 1 ], 
  [ 1, 2, 4, 4, 2 ], [ 1, 1, 2, 1, 1 ], [ 0, 1, 2, 2, 1 ], [ 1, 2, 2, 3, 2 ], [ 1, 1, 2, 3, 2 ], 
  [ 0, 0, 0, 2, 1 ], [ 0, 1, 2, 3, 2 ], [ 0, 1, 2, 1, 1 ], [ 0, 0, 0, 1, 1 ], [ 0, 0, 0, 0, 1 ] ]
--
