File: rank5/el55d.g
The braiding is:
[ [      -1,  E(5)^2,       1,       1,       1 ],
  [       1,      -1,  E(5)^3,       1,  E(5)^3 ],
  [       1,       1,  E(5)^2,  E(5)^3,       1 ],
  [       1,       1,       1,  E(5)^2,       1 ],
  [       1,       1,       1,       1,  E(5)^2 ] ]
Longest word:
[ 1, 2, 1, 3, 2, 1, 4, 3, 2, 1, 5, 3, 2, 1, 4, 3, 2, 1, 5, 2, 1, 3, 2, 4, 3, 5, 4, 3, 2, 1, 4, 3, 2, 4, 
  3, 4, 5, 4, 3, 2, 5 ]
Positive roots (41):
[ [ 1, 0, 0, 0, 0 ], [ 1, 1, 0, 0, 0 ], [ 0, 1, 0, 0, 0 ], [ 1, 1, 1, 0, 0 ], [ 0, 1, 1, 0, 0 ], 
  [ 0, 0, 1, 0, 0 ], [ 1, 1, 1, 1, 0 ], [ 0, 1, 1, 1, 0 ], [ 0, 0, 1, 1, 0 ], [ 0, 0, 0, 1, 0 ], 
  [ 1, 3, 2, 1, 1 ], [ 1, 2, 2, 1, 1 ], [ 1, 2, 1, 1, 1 ], [ 1, 2, 1, 0, 1 ], [ 1, 5, 4, 2, 2 ], 
  [ 1, 5, 3, 2, 2 ], [ 1, 5, 3, 1, 2 ], [ 0, 3, 2, 1, 1 ], [ 2, 6, 4, 2, 3 ], [ 1, 4, 3, 2, 2 ], 
  [ 1, 1, 1, 1, 1 ], [ 1, 4, 3, 1, 2 ], [ 1, 1, 1, 0, 1 ], [ 1, 4, 2, 1, 2 ], [ 1, 1, 0, 0, 1 ], 
  [ 1, 6, 4, 2, 3 ], [ 1, 3, 2, 1, 2 ], [ 1, 5, 4, 2, 3 ], [ 1, 5, 3, 2, 3 ], [ 1, 5, 3, 1, 3 ], 
  [ 0, 2, 2, 1, 1 ], [ 0, 4, 3, 2, 2 ], [ 0, 4, 3, 1, 2 ], [ 0, 2, 1, 1, 1 ], [ 0, 4, 2, 1, 2 ], 
  [ 0, 2, 1, 0, 1 ], [ 0, 3, 2, 1, 2 ], [ 0, 1, 1, 1, 1 ], [ 0, 1, 1, 0, 1 ], [ 0, 1, 0, 0, 1 ], 
  [ 0, 0, 0, 0, 1 ] ]
Cartan roots (25):
[ [ 1, 1, 0, 0, 0 ], [ 1, 1, 1, 0, 0 ], [ 0, 0, 1, 0, 0 ], [ 1, 1, 1, 1, 0 ], [ 0, 0, 1, 1, 0 ], 
  [ 0, 0, 0, 1, 0 ], [ 1, 3, 2, 1, 1 ], [ 1, 5, 4, 2, 2 ], [ 1, 5, 3, 2, 2 ], [ 1, 5, 3, 1, 2 ], 
  [ 2, 6, 4, 2, 3 ], [ 1, 1, 1, 1, 1 ], [ 1, 1, 1, 0, 1 ], [ 1, 1, 0, 0, 1 ], [ 1, 3, 2, 1, 2 ], 
  [ 1, 5, 4, 2, 3 ], [ 1, 5, 3, 2, 3 ], [ 1, 5, 3, 1, 3 ], [ 0, 2, 2, 1, 1 ], [ 0, 4, 3, 2, 2 ], 
  [ 0, 4, 3, 1, 2 ], [ 0, 2, 1, 1, 1 ], [ 0, 4, 2, 1, 2 ], [ 0, 2, 1, 0, 1 ], [ 0, 0, 0, 0, 1 ] ]
--
