File: rank7/E7.g
The braiding is:
[ [     E(37),  E(37)^36,         1,         1,         1,         1,         1 ],
  [         1,     E(37),  E(37)^36,         1,         1,         1,         1 ],
  [         1,         1,     E(37),  E(37)^36,         1,         1,         1 ],
  [         1,         1,         1,     E(37),  E(37)^36,         1,  E(37)^36 ],
  [         1,         1,         1,         1,     E(37),  E(37)^36,         1 ],
  [         1,         1,         1,         1,         1,     E(37),         1 ],
  [         1,         1,         1,         1,         1,         1,     E(37) ] ]
Longest word:
[ 1, 2, 1, 3, 2, 1, 4, 3, 2, 1, 5, 4, 3, 2, 1, 6, 5, 4, 3, 2, 1, 7, 4, 3, 2, 1, 5, 4, 3, 2, 6, 5, 4, 3, 
  7, 4, 3, 2, 1, 5, 4, 3, 2, 6, 5, 4, 3, 7, 4, 3, 2, 1, 5, 4, 3, 2, 6, 7, 4, 3, 5, 4, 7 ]
Positive roots (63):
[ [ 1, 0, 0, 0, 0, 0, 0 ], [ 1, 1, 0, 0, 0, 0, 0 ], [ 0, 1, 0, 0, 0, 0, 0 ], [ 1, 1, 1, 0, 0, 0, 0 ], 
  [ 0, 1, 1, 0, 0, 0, 0 ], [ 0, 0, 1, 0, 0, 0, 0 ], [ 1, 1, 1, 1, 0, 0, 0 ], [ 0, 1, 1, 1, 0, 0, 0 ], 
  [ 0, 0, 1, 1, 0, 0, 0 ], [ 0, 0, 0, 1, 0, 0, 0 ], [ 1, 1, 1, 1, 1, 0, 0 ], [ 0, 1, 1, 1, 1, 0, 0 ], 
  [ 0, 0, 1, 1, 1, 0, 0 ], [ 0, 0, 0, 1, 1, 0, 0 ], [ 0, 0, 0, 0, 1, 0, 0 ], [ 1, 1, 1, 1, 1, 1, 0 ], 
  [ 0, 1, 1, 1, 1, 1, 0 ], [ 0, 0, 1, 1, 1, 1, 0 ], [ 0, 0, 0, 1, 1, 1, 0 ], [ 0, 0, 0, 0, 1, 1, 0 ], 
  [ 0, 0, 0, 0, 0, 1, 0 ], [ 1, 2, 3, 3, 2, 1, 1 ], [ 1, 2, 2, 3, 2, 1, 1 ], [ 1, 2, 2, 2, 2, 1, 1 ], 
  [ 1, 2, 2, 2, 1, 1, 1 ], [ 1, 2, 2, 2, 1, 0, 1 ], [ 1, 1, 2, 3, 2, 1, 1 ], [ 1, 1, 2, 2, 2, 1, 1 ], 
  [ 1, 1, 2, 2, 1, 1, 1 ], [ 1, 1, 2, 2, 1, 0, 1 ], [ 0, 1, 2, 3, 2, 1, 1 ], [ 0, 1, 2, 2, 2, 1, 1 ], 
  [ 0, 1, 2, 2, 1, 1, 1 ], [ 0, 1, 2, 2, 1, 0, 1 ], [ 1, 2, 3, 4, 3, 2, 2 ], [ 1, 2, 3, 4, 3, 1, 2 ], 
  [ 1, 1, 1, 2, 2, 1, 1 ], [ 0, 1, 1, 2, 2, 1, 1 ], [ 0, 0, 1, 2, 2, 1, 1 ], [ 1, 2, 3, 4, 2, 1, 2 ], 
  [ 1, 1, 1, 2, 1, 1, 1 ], [ 0, 1, 1, 2, 1, 1, 1 ], [ 0, 0, 1, 2, 1, 1, 1 ], [ 1, 2, 3, 3, 2, 1, 2 ], 
  [ 1, 1, 1, 1, 1, 1, 1 ], [ 0, 1, 1, 1, 1, 1, 1 ], [ 0, 0, 1, 1, 1, 1, 1 ], [ 1, 2, 2, 3, 2, 1, 2 ], 
  [ 1, 1, 2, 3, 2, 1, 2 ], [ 1, 1, 1, 2, 1, 0, 1 ], [ 1, 1, 1, 1, 1, 0, 1 ], [ 1, 1, 1, 1, 0, 0, 1 ], 
  [ 0, 1, 2, 3, 2, 1, 2 ], [ 0, 1, 1, 2, 1, 0, 1 ], [ 0, 1, 1, 1, 1, 0, 1 ], [ 0, 1, 1, 1, 0, 0, 1 ], 
  [ 0, 0, 0, 1, 1, 1, 1 ], [ 0, 0, 1, 2, 1, 0, 1 ], [ 0, 0, 1, 1, 1, 0, 1 ], [ 0, 0, 1, 1, 0, 0, 1 ], 
  [ 0, 0, 0, 1, 1, 0, 1 ], [ 0, 0, 0, 1, 0, 0, 1 ], [ 0, 0, 0, 0, 0, 0, 1 ] ]
Cartan roots (63):
[ [ 1, 0, 0, 0, 0, 0, 0 ], [ 1, 1, 0, 0, 0, 0, 0 ], [ 0, 1, 0, 0, 0, 0, 0 ], [ 1, 1, 1, 0, 0, 0, 0 ], 
  [ 0, 1, 1, 0, 0, 0, 0 ], [ 0, 0, 1, 0, 0, 0, 0 ], [ 1, 1, 1, 1, 0, 0, 0 ], [ 0, 1, 1, 1, 0, 0, 0 ], 
  [ 0, 0, 1, 1, 0, 0, 0 ], [ 0, 0, 0, 1, 0, 0, 0 ], [ 1, 1, 1, 1, 1, 0, 0 ], [ 0, 1, 1, 1, 1, 0, 0 ], 
  [ 0, 0, 1, 1, 1, 0, 0 ], [ 0, 0, 0, 1, 1, 0, 0 ], [ 0, 0, 0, 0, 1, 0, 0 ], [ 1, 1, 1, 1, 1, 1, 0 ], 
  [ 0, 1, 1, 1, 1, 1, 0 ], [ 0, 0, 1, 1, 1, 1, 0 ], [ 0, 0, 0, 1, 1, 1, 0 ], [ 0, 0, 0, 0, 1, 1, 0 ], 
  [ 0, 0, 0, 0, 0, 1, 0 ], [ 1, 2, 3, 3, 2, 1, 1 ], [ 1, 2, 2, 3, 2, 1, 1 ], [ 1, 2, 2, 2, 2, 1, 1 ], 
  [ 1, 2, 2, 2, 1, 1, 1 ], [ 1, 2, 2, 2, 1, 0, 1 ], [ 1, 1, 2, 3, 2, 1, 1 ], [ 1, 1, 2, 2, 2, 1, 1 ], 
  [ 1, 1, 2, 2, 1, 1, 1 ], [ 1, 1, 2, 2, 1, 0, 1 ], [ 0, 1, 2, 3, 2, 1, 1 ], [ 0, 1, 2, 2, 2, 1, 1 ], 
  [ 0, 1, 2, 2, 1, 1, 1 ], [ 0, 1, 2, 2, 1, 0, 1 ], [ 1, 2, 3, 4, 3, 2, 2 ], [ 1, 2, 3, 4, 3, 1, 2 ], 
  [ 1, 1, 1, 2, 2, 1, 1 ], [ 0, 1, 1, 2, 2, 1, 1 ], [ 0, 0, 1, 2, 2, 1, 1 ], [ 1, 2, 3, 4, 2, 1, 2 ], 
  [ 1, 1, 1, 2, 1, 1, 1 ], [ 0, 1, 1, 2, 1, 1, 1 ], [ 0, 0, 1, 2, 1, 1, 1 ], [ 1, 2, 3, 3, 2, 1, 2 ], 
  [ 1, 1, 1, 1, 1, 1, 1 ], [ 0, 1, 1, 1, 1, 1, 1 ], [ 0, 0, 1, 1, 1, 1, 1 ], [ 1, 2, 2, 3, 2, 1, 2 ], 
  [ 1, 1, 2, 3, 2, 1, 2 ], [ 1, 1, 1, 2, 1, 0, 1 ], [ 1, 1, 1, 1, 1, 0, 1 ], [ 1, 1, 1, 1, 0, 0, 1 ], 
  [ 0, 1, 2, 3, 2, 1, 2 ], [ 0, 1, 1, 2, 1, 0, 1 ], [ 0, 1, 1, 1, 1, 0, 1 ], [ 0, 1, 1, 1, 0, 0, 1 ], 
  [ 0, 0, 0, 1, 1, 1, 1 ], [ 0, 0, 1, 2, 1, 0, 1 ], [ 0, 0, 1, 1, 1, 0, 1 ], [ 0, 0, 1, 1, 0, 0, 1 ], 
  [ 0, 0, 0, 1, 1, 0, 1 ], [ 0, 0, 0, 1, 0, 0, 1 ], [ 0, 0, 0, 0, 0, 0, 1 ] ]
--
