File: rank8/E8.g
The braiding is:
[ [     E(37),  E(37)^36,         1,         1,         1,         1,         1,         1 ],
  [         1,     E(37),  E(37)^36,         1,         1,         1,         1,         1 ],
  [         1,         1,     E(37),  E(37)^36,         1,         1,         1,         1 ],
  [         1,         1,         1,     E(37),  E(37)^36,         1,         1,         1 ],
  [         1,         1,         1,         1,     E(37),  E(37)^36,         1,  E(37)^36 ],
  [         1,         1,         1,         1,         1,     E(37),  E(37)^36,         1 ],
  [         1,         1,         1,         1,         1,         1,     E(37),         1 ],
  [         1,         1,         1,         1,         1,         1,         1,     E(37) ] ]
Longest word:
[ 1, 2, 1, 3, 2, 1, 4, 3, 2, 1, 5, 4, 3, 2, 1, 6, 5, 4, 3, 2, 1, 7, 6, 5, 4, 3, 2, 1, 8, 5, 4, 3, 2, 1, 
  6, 5, 4, 3, 2, 7, 6, 5, 4, 3, 8, 5, 4, 3, 2, 1, 6, 5, 4, 3, 2, 7, 6, 5, 4, 3, 8, 5, 4, 3, 2, 1, 6, 5, 
  4, 3, 2, 7, 6, 5, 4, 3, 8, 5, 4, 3, 2, 1, 6, 5, 4, 3, 7, 6, 5, 4, 8, 5, 4, 3, 2, 1, 6, 5, 4, 3, 7, 6, 
  5, 4, 8, 5, 4, 3, 2, 6, 5, 4, 3, 7, 8, 5, 4, 6, 5, 8 ]
Positive roots (120):
[ [ 1, 0, 0, 0, 0, 0, 0, 0 ], [ 1, 1, 0, 0, 0, 0, 0, 0 ], [ 0, 1, 0, 0, 0, 0, 0, 0 ], 
  [ 1, 1, 1, 0, 0, 0, 0, 0 ], [ 0, 1, 1, 0, 0, 0, 0, 0 ], [ 0, 0, 1, 0, 0, 0, 0, 0 ], 
  [ 1, 1, 1, 1, 0, 0, 0, 0 ], [ 0, 1, 1, 1, 0, 0, 0, 0 ], [ 0, 0, 1, 1, 0, 0, 0, 0 ], 
  [ 0, 0, 0, 1, 0, 0, 0, 0 ], [ 1, 1, 1, 1, 1, 0, 0, 0 ], [ 0, 1, 1, 1, 1, 0, 0, 0 ], 
  [ 0, 0, 1, 1, 1, 0, 0, 0 ], [ 0, 0, 0, 1, 1, 0, 0, 0 ], [ 0, 0, 0, 0, 1, 0, 0, 0 ], 
  [ 1, 1, 1, 1, 1, 1, 0, 0 ], [ 0, 1, 1, 1, 1, 1, 0, 0 ], [ 0, 0, 1, 1, 1, 1, 0, 0 ], 
  [ 0, 0, 0, 1, 1, 1, 0, 0 ], [ 0, 0, 0, 0, 1, 1, 0, 0 ], [ 0, 0, 0, 0, 0, 1, 0, 0 ], 
  [ 1, 1, 1, 1, 1, 1, 1, 0 ], [ 0, 1, 1, 1, 1, 1, 1, 0 ], [ 0, 0, 1, 1, 1, 1, 1, 0 ], 
  [ 0, 0, 0, 1, 1, 1, 1, 0 ], [ 0, 0, 0, 0, 1, 1, 1, 0 ], [ 0, 0, 0, 0, 0, 1, 1, 0 ], 
  [ 0, 0, 0, 0, 0, 0, 1, 0 ], [ 1, 2, 3, 3, 3, 2, 1, 1 ], [ 1, 2, 2, 3, 3, 2, 1, 1 ], 
  [ 1, 2, 2, 2, 3, 2, 1, 1 ], [ 1, 2, 2, 2, 2, 2, 1, 1 ], [ 1, 2, 2, 2, 2, 1, 1, 1 ], 
  [ 1, 2, 2, 2, 2, 1, 0, 1 ], [ 1, 1, 2, 3, 3, 2, 1, 1 ], [ 1, 1, 2, 2, 3, 2, 1, 1 ], 
  [ 1, 1, 2, 2, 2, 2, 1, 1 ], [ 1, 1, 2, 2, 2, 1, 1, 1 ], [ 1, 1, 2, 2, 2, 1, 0, 1 ], 
  [ 0, 1, 2, 3, 3, 2, 1, 1 ], [ 0, 1, 2, 2, 3, 2, 1, 1 ], [ 0, 1, 2, 2, 2, 2, 1, 1 ], 
  [ 0, 1, 2, 2, 2, 1, 1, 1 ], [ 0, 1, 2, 2, 2, 1, 0, 1 ], [ 1, 2, 3, 4, 5, 4, 2, 2 ], 
  [ 1, 2, 3, 4, 5, 3, 2, 2 ], [ 1, 2, 3, 4, 5, 3, 1, 2 ], [ 1, 1, 1, 2, 3, 2, 1, 1 ], 
  [ 0, 1, 1, 2, 3, 2, 1, 1 ], [ 0, 0, 1, 2, 3, 2, 1, 1 ], [ 1, 2, 3, 4, 4, 3, 2, 2 ], 
  [ 1, 2, 3, 4, 4, 3, 1, 2 ], [ 1, 1, 1, 2, 2, 2, 1, 1 ], [ 0, 1, 1, 2, 2, 2, 1, 1 ], 
  [ 0, 0, 1, 2, 2, 2, 1, 1 ], [ 1, 2, 3, 3, 4, 3, 2, 2 ], [ 1, 2, 3, 3, 4, 3, 1, 2 ], 
  [ 1, 1, 1, 1, 2, 2, 1, 1 ], [ 0, 1, 1, 1, 2, 2, 1, 1 ], [ 0, 0, 1, 1, 2, 2, 1, 1 ], 
  [ 2, 3, 4, 5, 6, 4, 2, 3 ], [ 1, 3, 4, 5, 6, 4, 2, 3 ], [ 1, 2, 4, 5, 6, 4, 2, 3 ], 
  [ 1, 2, 3, 4, 4, 2, 1, 2 ], [ 1, 2, 3, 3, 4, 2, 1, 2 ], [ 1, 2, 3, 3, 3, 2, 1, 2 ], 
  [ 1, 2, 2, 3, 4, 3, 2, 2 ], [ 1, 1, 2, 3, 4, 3, 2, 2 ], [ 1, 1, 1, 2, 2, 1, 1, 1 ], 
  [ 1, 1, 1, 1, 2, 1, 1, 1 ], [ 1, 1, 1, 1, 1, 1, 1, 1 ], [ 1, 2, 2, 3, 4, 3, 1, 2 ], 
  [ 1, 1, 2, 3, 4, 3, 1, 2 ], [ 1, 1, 1, 2, 2, 1, 0, 1 ], [ 1, 1, 1, 1, 2, 1, 0, 1 ], 
  [ 1, 1, 1, 1, 1, 1, 0, 1 ], [ 1, 2, 3, 5, 6, 4, 2, 3 ], [ 1, 2, 3, 4, 6, 4, 2, 3 ], 
  [ 1, 2, 3, 4, 5, 4, 2, 3 ], [ 0, 1, 2, 3, 4, 3, 2, 2 ], [ 0, 1, 2, 3, 4, 3, 1, 2 ], 
  [ 0, 0, 0, 1, 2, 2, 1, 1 ], [ 1, 2, 2, 3, 4, 2, 1, 2 ], [ 1, 2, 2, 3, 3, 2, 1, 2 ], 
  [ 0, 1, 1, 2, 2, 1, 1, 1 ], [ 0, 1, 1, 2, 2, 1, 0, 1 ], [ 1, 1, 2, 3, 4, 2, 1, 2 ], 
  [ 1, 1, 2, 3, 3, 2, 1, 2 ], [ 0, 0, 1, 2, 2, 1, 1, 1 ], [ 0, 0, 1, 2, 2, 1, 0, 1 ], 
  [ 1, 2, 3, 4, 5, 3, 2, 3 ], [ 1, 2, 3, 4, 5, 3, 1, 3 ], [ 1, 2, 2, 2, 3, 2, 1, 2 ], 
  [ 1, 1, 2, 2, 3, 2, 1, 2 ], [ 1, 1, 1, 2, 3, 2, 1, 2 ], [ 1, 1, 1, 1, 1, 0, 0, 1 ], 
  [ 0, 1, 2, 3, 4, 2, 1, 2 ], [ 0, 1, 1, 1, 2, 1, 1, 1 ], [ 0, 0, 1, 1, 2, 1, 1, 1 ], 
  [ 0, 0, 0, 1, 2, 1, 1, 1 ], [ 0, 1, 2, 3, 3, 2, 1, 2 ], [ 0, 1, 1, 1, 1, 1, 1, 1 ], 
  [ 0, 0, 1, 1, 1, 1, 1, 1 ], [ 0, 0, 0, 1, 1, 1, 1, 1 ], [ 0, 1, 2, 2, 3, 2, 1, 2 ], 
  [ 0, 1, 1, 2, 3, 2, 1, 2 ], [ 0, 1, 1, 1, 2, 1, 0, 1 ], [ 0, 1, 1, 1, 1, 1, 0, 1 ], 
  [ 0, 1, 1, 1, 1, 0, 0, 1 ], [ 0, 0, 1, 2, 3, 2, 1, 2 ], [ 0, 0, 1, 1, 2, 1, 0, 1 ], 
  [ 0, 0, 1, 1, 1, 1, 0, 1 ], [ 0, 0, 1, 1, 1, 0, 0, 1 ], [ 0, 0, 0, 0, 1, 1, 1, 1 ], 
  [ 0, 0, 0, 1, 2, 1, 0, 1 ], [ 0, 0, 0, 1, 1, 1, 0, 1 ], [ 0, 0, 0, 1, 1, 0, 0, 1 ], 
  [ 0, 0, 0, 0, 1, 1, 0, 1 ], [ 0, 0, 0, 0, 1, 0, 0, 1 ], [ 0, 0, 0, 0, 0, 0, 0, 1 ] ]
Cartan roots (120):
[ [ 1, 0, 0, 0, 0, 0, 0, 0 ], [ 1, 1, 0, 0, 0, 0, 0, 0 ], [ 0, 1, 0, 0, 0, 0, 0, 0 ], 
  [ 1, 1, 1, 0, 0, 0, 0, 0 ], [ 0, 1, 1, 0, 0, 0, 0, 0 ], [ 0, 0, 1, 0, 0, 0, 0, 0 ], 
  [ 1, 1, 1, 1, 0, 0, 0, 0 ], [ 0, 1, 1, 1, 0, 0, 0, 0 ], [ 0, 0, 1, 1, 0, 0, 0, 0 ], 
  [ 0, 0, 0, 1, 0, 0, 0, 0 ], [ 1, 1, 1, 1, 1, 0, 0, 0 ], [ 0, 1, 1, 1, 1, 0, 0, 0 ], 
  [ 0, 0, 1, 1, 1, 0, 0, 0 ], [ 0, 0, 0, 1, 1, 0, 0, 0 ], [ 0, 0, 0, 0, 1, 0, 0, 0 ], 
  [ 1, 1, 1, 1, 1, 1, 0, 0 ], [ 0, 1, 1, 1, 1, 1, 0, 0 ], [ 0, 0, 1, 1, 1, 1, 0, 0 ], 
  [ 0, 0, 0, 1, 1, 1, 0, 0 ], [ 0, 0, 0, 0, 1, 1, 0, 0 ], [ 0, 0, 0, 0, 0, 1, 0, 0 ], 
  [ 1, 1, 1, 1, 1, 1, 1, 0 ], [ 0, 1, 1, 1, 1, 1, 1, 0 ], [ 0, 0, 1, 1, 1, 1, 1, 0 ], 
  [ 0, 0, 0, 1, 1, 1, 1, 0 ], [ 0, 0, 0, 0, 1, 1, 1, 0 ], [ 0, 0, 0, 0, 0, 1, 1, 0 ], 
  [ 0, 0, 0, 0, 0, 0, 1, 0 ], [ 1, 2, 3, 3, 3, 2, 1, 1 ], [ 1, 2, 2, 3, 3, 2, 1, 1 ], 
  [ 1, 2, 2, 2, 3, 2, 1, 1 ], [ 1, 2, 2, 2, 2, 2, 1, 1 ], [ 1, 2, 2, 2, 2, 1, 1, 1 ], 
  [ 1, 2, 2, 2, 2, 1, 0, 1 ], [ 1, 1, 2, 3, 3, 2, 1, 1 ], [ 1, 1, 2, 2, 3, 2, 1, 1 ], 
  [ 1, 1, 2, 2, 2, 2, 1, 1 ], [ 1, 1, 2, 2, 2, 1, 1, 1 ], [ 1, 1, 2, 2, 2, 1, 0, 1 ], 
  [ 0, 1, 2, 3, 3, 2, 1, 1 ], [ 0, 1, 2, 2, 3, 2, 1, 1 ], [ 0, 1, 2, 2, 2, 2, 1, 1 ], 
  [ 0, 1, 2, 2, 2, 1, 1, 1 ], [ 0, 1, 2, 2, 2, 1, 0, 1 ], [ 1, 2, 3, 4, 5, 4, 2, 2 ], 
  [ 1, 2, 3, 4, 5, 3, 2, 2 ], [ 1, 2, 3, 4, 5, 3, 1, 2 ], [ 1, 1, 1, 2, 3, 2, 1, 1 ], 
  [ 0, 1, 1, 2, 3, 2, 1, 1 ], [ 0, 0, 1, 2, 3, 2, 1, 1 ], [ 1, 2, 3, 4, 4, 3, 2, 2 ], 
  [ 1, 2, 3, 4, 4, 3, 1, 2 ], [ 1, 1, 1, 2, 2, 2, 1, 1 ], [ 0, 1, 1, 2, 2, 2, 1, 1 ], 
  [ 0, 0, 1, 2, 2, 2, 1, 1 ], [ 1, 2, 3, 3, 4, 3, 2, 2 ], [ 1, 2, 3, 3, 4, 3, 1, 2 ], 
  [ 1, 1, 1, 1, 2, 2, 1, 1 ], [ 0, 1, 1, 1, 2, 2, 1, 1 ], [ 0, 0, 1, 1, 2, 2, 1, 1 ], 
  [ 2, 3, 4, 5, 6, 4, 2, 3 ], [ 1, 3, 4, 5, 6, 4, 2, 3 ], [ 1, 2, 4, 5, 6, 4, 2, 3 ], 
  [ 1, 2, 3, 4, 4, 2, 1, 2 ], [ 1, 2, 3, 3, 4, 2, 1, 2 ], [ 1, 2, 3, 3, 3, 2, 1, 2 ], 
  [ 1, 2, 2, 3, 4, 3, 2, 2 ], [ 1, 1, 2, 3, 4, 3, 2, 2 ], [ 1, 1, 1, 2, 2, 1, 1, 1 ], 
  [ 1, 1, 1, 1, 2, 1, 1, 1 ], [ 1, 1, 1, 1, 1, 1, 1, 1 ], [ 1, 2, 2, 3, 4, 3, 1, 2 ], 
  [ 1, 1, 2, 3, 4, 3, 1, 2 ], [ 1, 1, 1, 2, 2, 1, 0, 1 ], [ 1, 1, 1, 1, 2, 1, 0, 1 ], 
  [ 1, 1, 1, 1, 1, 1, 0, 1 ], [ 1, 2, 3, 5, 6, 4, 2, 3 ], [ 1, 2, 3, 4, 6, 4, 2, 3 ], 
  [ 1, 2, 3, 4, 5, 4, 2, 3 ], [ 0, 1, 2, 3, 4, 3, 2, 2 ], [ 0, 1, 2, 3, 4, 3, 1, 2 ], 
  [ 0, 0, 0, 1, 2, 2, 1, 1 ], [ 1, 2, 2, 3, 4, 2, 1, 2 ], [ 1, 2, 2, 3, 3, 2, 1, 2 ], 
  [ 0, 1, 1, 2, 2, 1, 1, 1 ], [ 0, 1, 1, 2, 2, 1, 0, 1 ], [ 1, 1, 2, 3, 4, 2, 1, 2 ], 
  [ 1, 1, 2, 3, 3, 2, 1, 2 ], [ 0, 0, 1, 2, 2, 1, 1, 1 ], [ 0, 0, 1, 2, 2, 1, 0, 1 ], 
  [ 1, 2, 3, 4, 5, 3, 2, 3 ], [ 1, 2, 3, 4, 5, 3, 1, 3 ], [ 1, 2, 2, 2, 3, 2, 1, 2 ], 
  [ 1, 1, 2, 2, 3, 2, 1, 2 ], [ 1, 1, 1, 2, 3, 2, 1, 2 ], [ 1, 1, 1, 1, 1, 0, 0, 1 ], 
  [ 0, 1, 2, 3, 4, 2, 1, 2 ], [ 0, 1, 1, 1, 2, 1, 1, 1 ], [ 0, 0, 1, 1, 2, 1, 1, 1 ], 
  [ 0, 0, 0, 1, 2, 1, 1, 1 ], [ 0, 1, 2, 3, 3, 2, 1, 2 ], [ 0, 1, 1, 1, 1, 1, 1, 1 ], 
  [ 0, 0, 1, 1, 1, 1, 1, 1 ], [ 0, 0, 0, 1, 1, 1, 1, 1 ], [ 0, 1, 2, 2, 3, 2, 1, 2 ], 
  [ 0, 1, 1, 2, 3, 2, 1, 2 ], [ 0, 1, 1, 1, 2, 1, 0, 1 ], [ 0, 1, 1, 1, 1, 1, 0, 1 ], 
  [ 0, 1, 1, 1, 1, 0, 0, 1 ], [ 0, 0, 1, 2, 3, 2, 1, 2 ], [ 0, 0, 1, 1, 2, 1, 0, 1 ], 
  [ 0, 0, 1, 1, 1, 1, 0, 1 ], [ 0, 0, 1, 1, 1, 0, 0, 1 ], [ 0, 0, 0, 0, 1, 1, 1, 1 ], 
  [ 0, 0, 0, 1, 2, 1, 0, 1 ], [ 0, 0, 0, 1, 1, 1, 0, 1 ], [ 0, 0, 0, 1, 1, 0, 0, 1 ], 
  [ 0, 0, 0, 0, 1, 1, 0, 1 ], [ 0, 0, 0, 0, 1, 0, 0, 1 ], [ 0, 0, 0, 0, 0, 0, 0, 1 ] ]
--
gap> 