File: rank4/g36b.g
The braiding is:
[ [       -1,   E(3)^2,        1,        1 ],
  [        1,     E(3),   E(3)^2,        1 ],
  [        1,        1,  -E(3)^2,   E(3)^2 ],
  [        1,        1,        1,       -1 ] ]
Longest word:
[ 1, 2, 1, 3, 2, 1, 3, 2, 3, 4, 3, 2, 1, 4, 3, 2, 1, 3, 2, 4, 3, 2, 1, 4, 3, 2, 1, 3, 2, 4, 3, 4 ]
Positive roots (32):
[ [ 1, 0, 0, 0 ], [ 1, 1, 0, 0 ], [ 0, 1, 0, 0 ], [ 1, 1, 1, 0 ], [ 1, 2, 2, 0 ], [ 1, 1, 2, 0 ], 
  [ 0, 1, 1, 0 ], [ 0, 1, 2, 0 ], [ 0, 0, 1, 0 ], [ 1, 3, 5, 1 ], [ 1, 3, 4, 1 ], [ 1, 2, 4, 1 ], 
  [ 0, 2, 4, 1 ], [ 1, 3, 3, 1 ], [ 1, 2, 3, 1 ], [ 1, 4, 6, 2 ], [ 1, 2, 2, 1 ], [ 0, 2, 3, 1 ], 
  [ 0, 2, 2, 1 ], [ 1, 3, 6, 2 ], [ 1, 3, 5, 2 ], [ 1, 1, 3, 1 ], [ 0, 1, 3, 1 ], [ 1, 3, 4, 2 ], 
  [ 1, 1, 2, 1 ], [ 1, 2, 4, 2 ], [ 1, 1, 1, 1 ], [ 0, 1, 2, 1 ], [ 0, 1, 1, 1 ], [ 0, 0, 2, 1 ], 
  [ 0, 0, 1, 1 ], [ 0, 0, 0, 1 ] ]
Cartan roots (16):
[ [ 0, 1, 0, 0 ], [ 1, 1, 1, 0 ], [ 0, 1, 1, 0 ], [ 0, 1, 2, 0 ], [ 0, 0, 1, 0 ], [ 1, 3, 4, 1 ], 
  [ 1, 2, 4, 1 ], [ 1, 2, 3, 1 ], [ 1, 2, 2, 1 ], [ 0, 2, 3, 1 ], [ 1, 3, 5, 2 ], [ 0, 1, 3, 1 ], 
  [ 1, 1, 2, 1 ], [ 0, 1, 2, 1 ], [ 0, 1, 1, 1 ], [ 0, 0, 1, 1 ] ]
--
