File: rank4/g36f.g
The braiding is:
[ [    E(3),  E(3)^2,       1,       1 ],
  [       1,      -1,    E(3),       1 ],
  [       1,       1,      -1,    E(3) ],
  [       1,       1,       1,      -1 ] ]
Longest word:
[ 1, 2, 1, 3, 2, 1, 4, 3, 2, 1, 3, 2, 3, 4, 3, 2, 1, 4, 3, 2, 1, 3, 2, 4, 3, 2, 1, 4, 3, 2, 3, 4 ]
Positive roots (32):
[ [ 1, 0, 0, 0 ], [ 1, 1, 0, 0 ], [ 0, 1, 0, 0 ], [ 1, 1, 1, 0 ], [ 0, 1, 1, 0 ], [ 0, 0, 1, 0 ], 
  [ 2, 2, 2, 1 ], [ 1, 2, 2, 1 ], [ 2, 3, 4, 2 ], [ 2, 3, 3, 2 ], [ 1, 1, 2, 1 ], [ 2, 2, 3, 2 ], 
  [ 1, 1, 1, 1 ], [ 3, 5, 6, 4 ], [ 2, 4, 5, 3 ], [ 2, 4, 4, 3 ], [ 2, 3, 4, 3 ], [ 1, 3, 4, 2 ], 
  [ 1, 3, 3, 2 ], [ 2, 5, 6, 4 ], [ 0, 2, 2, 1 ], [ 1, 2, 3, 2 ], [ 0, 1, 2, 1 ], [ 2, 4, 5, 4 ], 
  [ 1, 3, 4, 3 ], [ 1, 2, 2, 2 ], [ 1, 1, 2, 2 ], [ 0, 2, 3, 2 ], [ 0, 1, 1, 1 ], [ 0, 1, 2, 2 ], 
  [ 0, 0, 1, 1 ], [ 0, 0, 0, 1 ] ]
Cartan roots (16):
[ [ 1, 0, 0, 0 ], [ 1, 1, 1, 0 ], [ 0, 1, 1, 0 ], [ 1, 2, 2, 1 ], [ 2, 3, 3, 2 ], [ 1, 1, 2, 1 ], 
  [ 1, 1, 1, 1 ], [ 2, 4, 5, 3 ], [ 2, 3, 4, 3 ], [ 1, 3, 3, 2 ], [ 1, 2, 3, 2 ], [ 0, 1, 2, 1 ], 
  [ 1, 3, 4, 3 ], [ 1, 2, 2, 2 ], [ 0, 1, 1, 1 ], [ 0, 0, 1, 1 ] ]
--
